[08-Nov-2019 14:46:54 PRC] PHP Warning:  require(): open_basedir restriction in effect. File(/home/wwwroot/songtingsen/yanbao/vendor/autoload.php) is not within the allowed path(s): (/home/wwwroot/songtingsen/yanbao/backend/web/../:/tmp/:/proc/) in /home/wwwroot/songtingsen/yanbao/backend/web/index.php on line 5
[08-Nov-2019 14:46:54 PRC] PHP Warning:  require(/home/wwwroot/songtingsen/yanbao/vendor/autoload.php): failed to open stream: Operation not permitted in /home/wwwroot/songtingsen/yanbao/backend/web/index.php on line 5
[08-Nov-2019 14:46:54 PRC] PHP Fatal error:  require(): Failed opening required '/home/wwwroot/songtingsen/yanbao/backend/web/../../vendor/autoload.php' (include_path='.:/usr/local/php/lib/php') in /home/wwwroot/songtingsen/yanbao/backend/web/index.php on line 5
[08-Nov-2019 14:46:55 PRC] PHP Warning:  require(): open_basedir restriction in effect. File(/home/wwwroot/songtingsen/yanbao/vendor/autoload.php) is not within the allowed path(s): (/home/wwwroot/songtingsen/yanbao/backend/web/../:/tmp/:/proc/) in /home/wwwroot/songtingsen/yanbao/backend/web/index.php on line 5
[08-Nov-2019 14:46:55 PRC] PHP Warning:  require(/home/wwwroot/songtingsen/yanbao/vendor/autoload.php): failed to open stream: Operation not permitted in /home/wwwroot/songtingsen/yanbao/backend/web/index.php on line 5
[08-Nov-2019 14:46:55 PRC] PHP Fatal error:  require(): Failed opening required '/home/wwwroot/songtingsen/yanbao/backend/web/../../vendor/autoload.php' (include_path='.:/usr/local/php/lib/php') in /home/wwwroot/songtingsen/yanbao/backend/web/index.php on line 5
[08-Nov-2019 14:50:51 PRC] PHP Warning:  require(): open_basedir restriction in effect. File(/home/wwwroot/songtingsen/yanbao/vendor/autoload.php) is not within the allowed path(s): (/home/wwwroot/songtingsen/yanbao/backend/web/../:/tmp/:/proc/) in /home/wwwroot/songtingsen/yanbao/backend/web/index.php on line 5
[08-Nov-2019 14:50:51 PRC] PHP Warning:  require(/home/wwwroot/songtingsen/yanbao/vendor/autoload.php): failed to open stream: Operation not permitted in /home/wwwroot/songtingsen/yanbao/backend/web/index.php on line 5
[08-Nov-2019 14:50:51 PRC] PHP Fatal error:  require(): Failed opening required '/home/wwwroot/songtingsen/yanbao/backend/web/../../vendor/autoload.php' (include_path='.:/usr/local/php/lib/php') in /home/wwwroot/songtingsen/yanbao/backend/web/index.php on line 5
[08-Nov-2019 14:50:51 PRC] PHP Warning:  require(): open_basedir restriction in effect. File(/home/wwwroot/songtingsen/yanbao/vendor/autoload.php) is not within the allowed path(s): (/home/wwwroot/songtingsen/yanbao/backend/web/../:/tmp/:/proc/) in /home/wwwroot/songtingsen/yanbao/backend/web/index.php on line 5
[08-Nov-2019 14:50:51 PRC] PHP Warning:  require(/home/wwwroot/songtingsen/yanbao/vendor/autoload.php): failed to open stream: Operation not permitted in /home/wwwroot/songtingsen/yanbao/backend/web/index.php on line 5
[08-Nov-2019 14:50:51 PRC] PHP Fatal error:  require(): Failed opening required '/home/wwwroot/songtingsen/yanbao/backend/web/../../vendor/autoload.php' (include_path='.:/usr/local/php/lib/php') in /home/wwwroot/songtingsen/yanbao/backend/web/index.php on line 5
[08-Nov-2019 14:50:51 PRC] PHP Warning:  require(): open_basedir restriction in effect. File(/home/wwwroot/songtingsen/yanbao/vendor/autoload.php) is not within the allowed path(s): (/home/wwwroot/songtingsen/yanbao/backend/web/../:/tmp/:/proc/) in /home/wwwroot/songtingsen/yanbao/backend/web/index.php on line 5
[08-Nov-2019 14:50:51 PRC] PHP Warning:  require(/home/wwwroot/songtingsen/yanbao/vendor/autoload.php): failed to open stream: Operation not permitted in /home/wwwroot/songtingsen/yanbao/backend/web/index.php on line 5
[08-Nov-2019 14:50:51 PRC] PHP Fatal error:  require(): Failed opening required '/home/wwwroot/songtingsen/yanbao/backend/web/../../vendor/autoload.php' (include_path='.:/usr/local/php/lib/php') in /home/wwwroot/songtingsen/yanbao/backend/web/index.php on line 5
[08-Nov-2019 14:50:52 PRC] PHP Warning:  require(): open_basedir restriction in effect. File(/home/wwwroot/songtingsen/yanbao/vendor/autoload.php) is not within the allowed path(s): (/home/wwwroot/songtingsen/yanbao/backend/web/../:/tmp/:/proc/) in /home/wwwroot/songtingsen/yanbao/backend/web/index.php on line 5
[08-Nov-2019 14:50:52 PRC] PHP Warning:  require(/home/wwwroot/songtingsen/yanbao/vendor/autoload.php): failed to open stream: Operation not permitted in /home/wwwroot/songtingsen/yanbao/backend/web/index.php on line 5
[08-Nov-2019 14:50:52 PRC] PHP Fatal error:  require(): Failed opening required '/home/wwwroot/songtingsen/yanbao/backend/web/../../vendor/autoload.php' (include_path='.:/usr/local/php/lib/php') in /home/wwwroot/songtingsen/yanbao/backend/web/index.php on line 5
[08-Nov-2019 14:50:52 PRC] PHP Warning:  require(): open_basedir restriction in effect. File(/home/wwwroot/songtingsen/yanbao/vendor/autoload.php) is not within the allowed path(s): (/home/wwwroot/songtingsen/yanbao/backend/web/../:/tmp/:/proc/) in /home/wwwroot/songtingsen/yanbao/backend/web/index.php on line 5
[08-Nov-2019 14:50:52 PRC] PHP Warning:  require(/home/wwwroot/songtingsen/yanbao/vendor/autoload.php): failed to open stream: Operation not permitted in /home/wwwroot/songtingsen/yanbao/backend/web/index.php on line 5
[08-Nov-2019 14:50:52 PRC] PHP Fatal error:  require(): Failed opening required '/home/wwwroot/songtingsen/yanbao/backend/web/../../vendor/autoload.php' (include_path='.:/usr/local/php/lib/php') in /home/wwwroot/songtingsen/yanbao/backend/web/index.php on line 5
[08-Nov-2019 14:50:52 PRC] PHP Warning:  require(): open_basedir restriction in effect. File(/home/wwwroot/songtingsen/yanbao/vendor/autoload.php) is not within the allowed path(s): (/home/wwwroot/songtingsen/yanbao/backend/web/../:/tmp/:/proc/) in /home/wwwroot/songtingsen/yanbao/backend/web/index.php on line 5
[08-Nov-2019 14:50:52 PRC] PHP Warning:  require(/home/wwwroot/songtingsen/yanbao/vendor/autoload.php): failed to open stream: Operation not permitted in /home/wwwroot/songtingsen/yanbao/backend/web/index.php on line 5
[08-Nov-2019 14:50:52 PRC] PHP Fatal error:  require(): Failed opening required '/home/wwwroot/songtingsen/yanbao/backend/web/../../vendor/autoload.php' (include_path='.:/usr/local/php/lib/php') in /home/wwwroot/songtingsen/yanbao/backend/web/index.php on line 5
[08-Nov-2019 14:50:52 PRC] PHP Warning:  require(): open_basedir restriction in effect. File(/home/wwwroot/songtingsen/yanbao/vendor/autoload.php) is not within the allowed path(s): (/home/wwwroot/songtingsen/yanbao/backend/web/../:/tmp/:/proc/) in /home/wwwroot/songtingsen/yanbao/backend/web/index.php on line 5
[08-Nov-2019 14:50:52 PRC] PHP Warning:  require(/home/wwwroot/songtingsen/yanbao/vendor/autoload.php): failed to open stream: Operation not permitted in /home/wwwroot/songtingsen/yanbao/backend/web/index.php on line 5
[08-Nov-2019 14:50:52 PRC] PHP Fatal error:  require(): Failed opening required '/home/wwwroot/songtingsen/yanbao/backend/web/../../vendor/autoload.php' (include_path='.:/usr/local/php/lib/php') in /home/wwwroot/songtingsen/yanbao/backend/web/index.php on line 5
[08-Nov-2019 14:50:52 PRC] PHP Warning:  require(): open_basedir restriction in effect. File(/home/wwwroot/songtingsen/yanbao/vendor/autoload.php) is not within the allowed path(s): (/home/wwwroot/songtingsen/yanbao/backend/web/../:/tmp/:/proc/) in /home/wwwroot/songtingsen/yanbao/backend/web/index.php on line 5
[08-Nov-2019 14:50:52 PRC] PHP Warning:  require(/home/wwwroot/songtingsen/yanbao/vendor/autoload.php): failed to open stream: Operation not permitted in /home/wwwroot/songtingsen/yanbao/backend/web/index.php on line 5
[08-Nov-2019 14:50:52 PRC] PHP Fatal error:  require(): Failed opening required '/home/wwwroot/songtingsen/yanbao/backend/web/../../vendor/autoload.php' (include_path='.:/usr/local/php/lib/php') in /home/wwwroot/songtingsen/yanbao/backend/web/index.php on line 5
[08-Nov-2019 14:50:52 PRC] PHP Warning:  require(): open_basedir restriction in effect. File(/home/wwwroot/songtingsen/yanbao/vendor/autoload.php) is not within the allowed path(s): (/home/wwwroot/songtingsen/yanbao/backend/web/../:/tmp/:/proc/) in /home/wwwroot/songtingsen/yanbao/backend/web/index.php on line 5
[08-Nov-2019 14:50:52 PRC] PHP Warning:  require(/home/wwwroot/songtingsen/yanbao/vendor/autoload.php): failed to open stream: Operation not permitted in /home/wwwroot/songtingsen/yanbao/backend/web/index.php on line 5
[08-Nov-2019 14:50:52 PRC] PHP Fatal error:  require(): Failed opening required '/home/wwwroot/songtingsen/yanbao/backend/web/../../vendor/autoload.php' (include_path='.:/usr/local/php/lib/php') in /home/wwwroot/songtingsen/yanbao/backend/web/index.php on line 5
[08-Nov-2019 14:55:12 PRC] PHP Warning:  Unknown: open_basedir restriction in effect. File(/home/wwwroot/songtingsen/yanbao/backend/web/index.php) is not within the allowed path(s): (/home/wwwroot/default/xujinyan/tp/public/../:/tmp/:/proc/) in Unknown on line 0
[08-Nov-2019 14:55:12 PRC] PHP Warning:  Unknown: failed to open stream: Operation not permitted in Unknown on line 0
[08-Nov-2019 14:55:18 PRC] PHP Warning:  Unknown: open_basedir restriction in effect. File(/home/wwwroot/songtingsen/EthanBlog/public/index.php) is not within the allowed path(s): (/home/wwwroot/default/xujinyan/tp/public/../:/tmp/:/proc/) in Unknown on line 0
[08-Nov-2019 14:55:18 PRC] PHP Warning:  Unknown: failed to open stream: Operation not permitted in Unknown on line 0
[08-Nov-2019 14:55:21 PRC] PHP Warning:  Unknown: open_basedir restriction in effect. File(/home/wwwroot/songtingsen/EthanBlog/public/index.php) is not within the allowed path(s): (/home/wwwroot/default/xujinyan/tp/public/../:/tmp/:/proc/) in Unknown on line 0
[08-Nov-2019 14:55:21 PRC] PHP Warning:  Unknown: failed to open stream: Operation not permitted in Unknown on line 0
[08-Nov-2019 14:55:39 PRC] PHP Warning:  require(): open_basedir restriction in effect. File(/home/wwwroot/songtingsen/yanbao/vendor/autoload.php) is not within the allowed path(s): (/home/wwwroot/songtingsen/yanbao/backend/web/../:/tmp/:/proc/) in /home/wwwroot/songtingsen/yanbao/backend/web/index.php on line 5
[08-Nov-2019 14:55:39 PRC] PHP Warning:  require(/home/wwwroot/songtingsen/yanbao/vendor/autoload.php): failed to open stream: Operation not permitted in /home/wwwroot/songtingsen/yanbao/backend/web/index.php on line 5
[08-Nov-2019 14:55:39 PRC] PHP Fatal error:  require(): Failed opening required '/home/wwwroot/songtingsen/yanbao/backend/web/../../vendor/autoload.php' (include_path='.:/usr/local/php/lib/php') in /home/wwwroot/songtingsen/yanbao/backend/web/index.php on line 5
[08-Nov-2019 15:23:43 PRC] PHP Warning:  require(): open_basedir restriction in effect. File(/home/wwwroot/songtingsen/yanbao/vendor/autoload.php) is not within the allowed path(s): (/home/wwwroot/songtingsen/yanbao/backend/web/../:/tmp/:/proc/) in /home/wwwroot/songtingsen/yanbao/backend/web/index.php on line 5
[08-Nov-2019 15:23:43 PRC] PHP Warning:  require(/home/wwwroot/songtingsen/yanbao/vendor/autoload.php): failed to open stream: Operation not permitted in /home/wwwroot/songtingsen/yanbao/backend/web/index.php on line 5
[08-Nov-2019 15:23:43 PRC] PHP Fatal error:  require(): Failed opening required '/home/wwwroot/songtingsen/yanbao/backend/web/../../vendor/autoload.php' (include_path='.:/usr/local/php/lib/php') in /home/wwwroot/songtingsen/yanbao/backend/web/index.php on line 5
[08-Nov-2019 15:23:47 PRC] PHP Warning:  require(): open_basedir restriction in effect. File(/home/wwwroot/songtingsen/yanbao/vendor/autoload.php) is not within the allowed path(s): (/home/wwwroot/songtingsen/yanbao/backend/web/../:/tmp/:/proc/) in /home/wwwroot/songtingsen/yanbao/backend/web/index.php on line 5
[08-Nov-2019 15:23:47 PRC] PHP Warning:  require(/home/wwwroot/songtingsen/yanbao/vendor/autoload.php): failed to open stream: Operation not permitted in /home/wwwroot/songtingsen/yanbao/backend/web/index.php on line 5
[08-Nov-2019 15:23:47 PRC] PHP Fatal error:  require(): Failed opening required '/home/wwwroot/songtingsen/yanbao/backend/web/../../vendor/autoload.php' (include_path='.:/usr/local/php/lib/php') in /home/wwwroot/songtingsen/yanbao/backend/web/index.php on line 5
